<?xml version="1.0" encoding="UTF-8"?>
<!-- Generated by org.testng.reporters.JUnitReportReporter -->
<testsuite name="testCases.Purchase" tests="1" time="17.552" ignored="0" failures="0" timestamp="22 Jan 2017 18:21:07 GMT" skipped="0" hostname="FS-AND-DKT01" errors="0">
  <testcase name="main" time="17.552" classname="testCases.Purchase"/>
</testsuite> <!-- testCases.Purchase -->
