<?xml version="1.0" encoding="UTF-8"?>
<!-- Generated by org.testng.reporters.JUnitReportReporter -->
<testsuite name="testCases.LogIn" tests="1" time="12.468" ignored="0" failures="0" timestamp="22 Jan 2017 17:49:37 GMT" skipped="0" hostname="FS-AND-DKT01" errors="0">
  <testcase name="main" time="12.468" classname="testCases.LogIn"/>
</testsuite> <!-- testCases.LogIn -->
